<?xml version="1.0" encoding="UTF-8"?>
<!-- Generated by org.testng.reporters.JUnitReportReporter -->
<testsuite hostname="DESKTOP-JM2QD95" failures="0" tests="3" name="com.testing.test3" time="0.019" errors="0" timestamp="2021-10-25T09:10:26 IST" skipped="0">
  <testcase classname="com.testing.test3" name="b_method" time="0.003"/>
  <system-out/>
  <testcase classname="com.testing.test3" name="a_method" time="0.014"/>
  <system-out/>
  <testcase classname="com.testing.test3" name="c_method" time="0.002"/>
  <system-out/>
</testsuite> <!-- com.testing.test3 -->
