<?xml version="1.0" encoding="UTF-8"?>
<!-- Generated by org.testng.reporters.JUnitReportReporter -->
<testsuite hostname="DESKTOP-JM2QD95" failures="0" tests="2" name="com.testing.test1" time="0.019" errors="0" timestamp="2021-10-25T07:56:24 IST" skipped="0">
  <testcase classname="com.testing.test1" name="method7" time="0.008"/>
  <system-out/>
  <testcase classname="com.testing.test1" name="method1" time="0.011"/>
  <system-out/>
</testsuite> <!-- com.testing.test1 -->
