<?xml version="1.0" encoding="UTF-8"?>
<!-- Generated by org.testng.reporters.JUnitReportReporter -->
<testsuite hostname="DESKTOP-JM2QD95" failures="0" tests="2" name="com.testing.Data_provider" time="0.017" errors="0" timestamp="2021-10-29T08:54:58 IST" skipped="0">
  <testcase classname="com.testing.Data_provider" name="method1" time="0.014"/>
  <system-out/>
  <testcase classname="com.testing.Data_provider" name="method1" time="0.003"/>
  <system-out/>
</testsuite> <!-- com.testing.Data_provider -->
