<?xml version="1.0" encoding="UTF-8"?>
<!-- Generated by org.testng.reporters.JUnitReportReporter -->
<testsuite hostname="DESKTOP-JM2QD95" failures="0" tests="2" name="com.testing.test2" time="0.017" errors="0" timestamp="2021-10-25T09:01:28 IST" skipped="1">
  <testcase classname="com.testing.test2" name="method1" time="0.017"/>
  <system-out/>
  <testcase classname="com.testing.test2" name="method2">
    <skipped/>
  </testcase> <!-- method2 -->
  <system-out/>
</testsuite> <!-- com.testing.test2 -->
