<?xml version="1.0" encoding="UTF-8"?>
<!-- Generated by org.testng.reporters.JUnitReportReporter -->
<testsuite hostname="DESKTOP-JM2QD95" failures="0" tests="2" name="com.testing.Parallel_test" time="48.681" errors="0" timestamp="2021-10-31T08:50:42 IST" skipped="0">
  <testcase classname="com.testing.Parallel_test" name="test1" time="36.399"/>
  <system-out/>
  <testcase classname="com.testing.Parallel_test" name="test2" time="12.282"/>
  <system-out/>
</testsuite> <!-- com.testing.Parallel_test -->
