<?xml version="1.0" encoding="UTF-8"?>
<!-- Generated by org.testng.reporters.JUnitReportReporter -->
<testsuite hostname="DESKTOP-JM2QD95" failures="0" tests="5" name="com.testing.test4" time="0.029" errors="0" timestamp="2021-10-26T08:27:47 IST" skipped="0">
  <testcase classname="com.testing.test4" name="e_method" time="0.016"/>
  <system-out/>
  <testcase classname="com.testing.test4" name="d_method" time="0.002"/>
  <system-out/>
  <testcase classname="com.testing.test4" name="g_method" time="0.003"/>
  <system-out/>
  <testcase classname="com.testing.test4" name="s_method" time="0.006"/>
  <system-out/>
  <testcase classname="com.testing.test4" name="n_method" time="0.002"/>
  <system-out/>
</testsuite> <!-- com.testing.test4 -->
