<?xml version="1.0" encoding="UTF-8"?>
<!-- Generated by org.testng.reporters.JUnitReportReporter -->
<testsuite hostname="DESKTOP-JM2QD95" failures="0" tests="1" name="cucumberOption.Test_Runner" time="0.020" errors="0" timestamp="2021-10-30T11:25:01 IST" skipped="0">
  <testcase classname="cucumberOption.Test_Runner" name="feature" time="0.020"/>
  <system-out/>
</testsuite> <!-- cucumberOption.Test_Runner -->
